document.addEventListener('DOMContentLoaded', function() {
  const hamburger = document.querySelector('.hamburger');
  const navMenu = document.querySelector('.nav-menu');

  console.log('hamburger:', hamburger); // ← 追加
  console.log('navMenu:', navMenu);     // ← 追加

  hamburger.addEventListener('click', function() {
    console.log('クリックされました'); // ← 追加
    navMenu.classList.toggle('active');
  });

 function smoothScrollToTarget(e) {
  e.preventDefault();
  const targetId = this.getAttribute('href');
  const targetElement = document.querySelector(targetId);
  if (targetElement) {
    const header = document.querySelector('header');
    const headerHeight = header.offsetHeight;
    const targetPosition = targetElement.offsetTop - headerHeight;

    console.log('headerHeight:', headerHeight);
    console.log('targetElement.offsetTop:', targetElement.offsetTop);
    console.log('targetPosition:', targetPosition);

    window.scrollTo({
      top: targetPosition,
      behavior: 'smooth'
    });
  }
}
});
